$ swift test --filter C3ReadbackTemplateTests
[0/1] Planning build
Building for debugging...
[0/8] Write swift-version--58304C5D6DBC2206.txt
Build complete! (0.65s)
Test Suite 'Selected tests' started at 2026-06-24 16:51:51.515.
Test Suite 'MAformacPackageTests.xctest' started at 2026-06-24 16:51:51.515.
Test Suite 'C3ReadbackTemplateTests' started at 2026-06-24 16:51:51.515.
Test Case '-[MAformacCoreTests.C3ReadbackTemplateTests testACPowerReadbackResolvesEnumBranchFromC2Template]' started.
Test Case '-[MAformacCoreTests.C3ReadbackTemplateTests testACPowerReadbackResolvesEnumBranchFromC2Template]' passed (0.274 seconds).
Test Case '-[MAformacCoreTests.C3ReadbackTemplateTests testExplicitDriverWindowReadbackKeepsDriverTextAndOrigin]' started.
Test Case '-[MAformacCoreTests.C3ReadbackTemplateTests testExplicitDriverWindowReadbackKeepsDriverTextAndOrigin]' passed (0.286 seconds).
Test Case '-[MAformacCoreTests.C3ReadbackTemplateTests testOmittedWindowReadbackElidesDefaultDriverScopeButCarriesOrigin]' started.
Test Case '-[MAformacCoreTests.C3ReadbackTemplateTests testOmittedWindowReadbackElidesDefaultDriverScopeButCarriesOrigin]' passed (0.285 seconds).
Test Case '-[MAformacCoreTests.C3ReadbackTemplateTests testTemperatureReadbackUsesC2TemplateWithScopeAndValue]' started.
Test Case '-[MAformacCoreTests.C3ReadbackTemplateTests testTemperatureReadbackUsesC2TemplateWithScopeAndValue]' passed (0.275 seconds).
Test Case '-[MAformacCoreTests.C3ReadbackTemplateTests testWindowReadbackUsesC2PercentTemplate]' started.
Test Case '-[MAformacCoreTests.C3ReadbackTemplateTests testWindowReadbackUsesC2PercentTemplate]' passed (0.295 seconds).
Test Suite 'C3ReadbackTemplateTests' passed at 2026-06-24 16:51:52.930.
	 Executed 5 tests, with 0 failures (0 unexpected) in 1.414 (1.415) seconds
Test Suite 'MAformacPackageTests.xctest' passed at 2026-06-24 16:51:52.930.
	 Executed 5 tests, with 0 failures (0 unexpected) in 1.414 (1.415) seconds
Test Suite 'Selected tests' passed at 2026-06-24 16:51:52.930.
	 Executed 5 tests, with 0 failures (0 unexpected) in 1.414 (1.415) seconds
◇ Test run started.
↳ Testing Library Version: 1902
↳ Target Platform: arm64e-apple-macos14.0
✔ Test run with 0 tests in 0 suites passed after 0.001 seconds.

exit_code=0
